=== batch start 2026-07-18 21:45:08 ===
--- stage 1: Devstral drafts ---
cooldown between sections: 45s
=== batch start 2026-07-18 21:59:22 ===
--- stage 1: Devstral drafts ---
cooldown between sections: 0s
=== batch start 2026-07-18 22:19:40 ===
--- stage 1: Devstral drafts ---
gen: host=192.168.0.77:11434 stage=gen gen=devstral:24b review=mistralprism:24b sections=31 force=False
[gen 1/31] A00 はじめに — skip (frag exists)
[gen 2/31] A01 シナリオ — skip (frag exists)
[gen 3/31] A02 対象外 — skip (frag exists)
[gen 4/31] A03 概略・システム構成 — skip (frag exists)
[gen 5/31] A04 起動画面 — skip (frag exists)
[gen 6/31] A05 測定メニュー・モード選択 — skip (frag exists)
[gen 7/31] A06 MLSS測定画面（待機・測定中・完了） — skip (frag exists)
[gen 8/31] A07 SS測定画面 — skip (frag exists)
[gen 9/31] A08 透視度測定画面 — skip (frag exists)
[gen 10/31] A09 界面測定画面 — skip (frag exists)
[gen 11/31] A10 測定履歴表示画面 — skip (frag exists)
[gen 12/31] A11 校正機能 概要 — skip (frag exists)
[gen 13/31] A12 MLSS校正 — skip (frag exists)
[gen 14/31] A13 SS校正 — skip (frag exists)
[gen 15/31] A14 透視度校正 — skip (frag exists)
[gen 16/31] A15 校正リセット — skip (frag exists)
[gen 17/31] A16 設定メニュー — skip (frag exists)
[gen 18/31] A17 時刻設定 — skip (frag exists)
[gen 19/31] A18 初期化 — skip (frag exists)
[gen 20/31] A19 製品情報 — skip (frag exists)
[gen 21/31] A20 BLE通信（Readerとの通信） — skip (frag exists)
[gen 22/31] A21 電池残量・省電力動作 — skip (frag exists)
[gen 23/31] A22 エラー表示（本体故障・バッテリエラー） — skip (frag exists)
[gen 24/31] B00 プローブ概要・役割 — skip (frag exists)
[gen 25/31] B01 ハードウェア構成（電源・MCU） — skip (frag exists)
[gen 26/31] B02 計測フロントエンド（アナログ信号系） — skip (frag exists)
[gen 27/31] B03 測定チャネルとMD応答 — skip (frag exists)
[gen 28/31] B04 RS-232Cコマンド仕様 — skip (frag exists)
[gen 29/31] B05 ゼロ点・スパン補正（SADZ/SADS） — drafting ...
      draft 725 tok in 27.1s
[gen 30/31] B06 補正式・調整パラメータ — drafting ...
      draft 593 tok in 22.4s
[gen 31/31] B07 エラー処理・タイムアウト — drafting ...
      draft 73 tok in 3.1s
gen: done.
--- stage 2: mistralprism reviews ---
gen: host=192.168.0.77:11434 stage=review gen=devstral:24b review=mistralprism:24b sections=31 force=False
[rev 1/31] A00 はじめに — reviewing ...
      review 428 tok in 38.1s
[rev 2/31] A01 シナリオ — reviewing ...
      review 627 tok in 25.4s
[rev 3/31] A02 対象外 — reviewing ...
      review 33 tok in 1.8s
[rev 4/31] A03 概略・システム構成 — reviewing ...
      review 426 tok in 17.0s
[rev 5/31] A04 起動画面 — skip (review exists)
[rev 6/31] A05 測定メニュー・モード選択 — reviewing ...
      review 686 tok in 27.2s
[rev 7/31] A06 MLSS測定画面（待機・測定中・完了） — reviewing ...
      review 437 tok in 17.4s
[rev 8/31] A07 SS測定画面 — reviewing ...
      review 229 tok in 9.0s
[rev 9/31] A08 透視度測定画面 — reviewing ...
      review 236 tok in 9.3s
[rev 10/31] A09 界面測定画面 — reviewing ...
      review 232 tok in 9.3s
[rev 11/31] A10 測定履歴表示画面 — reviewing ...
      review 181 tok in 7.3s
[rev 12/31] A11 校正機能 概要 — reviewing ...
      review 332 tok in 13.1s
[rev 13/31] A12 MLSS校正 — reviewing ...
      review 750 tok in 29.7s
[rev 14/31] A13 SS校正 — reviewing ...
      review 703 tok in 28.4s
[rev 15/31] A14 透視度校正 — reviewing ...
      review 808 tok in 36.0s
[rev 16/31] A15 校正リセット — reviewing ...
      review 317 tok in 12.7s
[rev 17/31] A16 設定メニュー — reviewing ...
      review 529 tok in 20.5s
[rev 18/31] A17 時刻設定 — reviewing ...
      review 500 tok in 19.8s
[rev 19/31] A18 初期化 — reviewing ...
      review 412 tok in 16.2s
[rev 20/31] A19 製品情報 — reviewing ...
      review 180 tok in 7.1s
[rev 21/31] A20 BLE通信（Readerとの通信） — reviewing ...
      review 435 tok in 17.1s
[rev 22/31] A21 電池残量・省電力動作 — reviewing ...
      review 170 tok in 7.7s
[rev 23/31] A22 エラー表示（本体故障・バッテリエラー） — reviewing ...
      review 439 tok in 17.7s
[rev 24/31] B00 プローブ概要・役割 — reviewing ...
      review 161 tok in 10.4s
[rev 25/31] B01 ハードウェア構成（電源・MCU） — reviewing ...
      review 340 tok in 13.7s
[rev 26/31] B02 計測フロントエンド（アナログ信号系） — reviewing ...
      review 485 tok in 18.9s
[rev 27/31] B03 測定チャネルとMD応答 — reviewing ...
      review 511 tok in 20.4s
[rev 28/31] B04 RS-232Cコマンド仕様 — skip (review exists)
[rev 29/31] B05 ゼロ点・スパン補正（SADZ/SADS） — reviewing ...
      review 711 tok in 28.6s
[rev 30/31] B06 補正式・調整パラメータ — reviewing ...
      review 513 tok in 20.8s
[rev 31/31] B07 エラー処理・タイムアウト — reviewing ...
      review 263 tok in 10.3s
gen: done.
--- stage 3: assemble ---
assembled docs/specs/IM-110プログラム仕様書.md (31 sections, 31 finalized) raw=False
assembled docs/specs/IM-110プログラム仕様書.md (31 sections, 31 finalized) raw=True
assembled docs/specs/IM-110プログラム仕様書.md (31 sections, 31 finalized) raw=False
=== batch done 2026-07-18 22:29:04 ===
