=== v2 batch start 2026-07-18 23:16:16 (cooldown 45s) ===
gen_v2: host=192.168.0.77:11434 model=devstral:24b num_ctx=32768 sections=43 cooldown=45.0s force=False
[1/43] S01 起動画面 — skip (exists)
[2/43] S02 5.2 測定メニュー (1 funcs, 1992 chars) — generating ...
      OK 647 tok in 52.0s (prompt 1478 tok, try 1)
      cooldown 45s
[3/43] S03 5.3 モード切替 (1 funcs, 1854 chars) — generating ...
      OK 864 tok in 65.5s (prompt 1415 tok, try 1)
      cooldown 45s
[4/43] S04 5.4 測定モード設定 (1 funcs, 1550 chars) — generating ...
      OK 810 tok in 61.6s (prompt 1234 tok, try 1)
      cooldown 45s
[5/43] S05 MLSS測定画面（待機・測定中） — skip (exists)
[6/43] S06 5.6 MLSS測定完了画面 (1 funcs, 1073 chars) — generating ...
      OK 526 tok in 40.5s (prompt 1029 tok, try 1)
      cooldown 45s
[7/43] S07 5.7 測定レンジ表示 (2 funcs, 2898 chars) — generating ...
      OK 764 tok in 59.0s (prompt 1907 tok, try 1)
      cooldown 45s
[8/43] S08 5.8 水温表示 (2 funcs, 2151 chars) — generating ...
      OK 705 tok in 53.6s (prompt 1575 tok, try 1)
      cooldown 45s
[9/43] S09 5.9 界面閾値設定 (1 funcs, 2272 chars) — generating ...
      OK 571 tok in 44.0s (prompt 1679 tok, try 1)
      cooldown 45s
[10/43] S10 6.1 校正メニュー (1 funcs, 3917 chars) — generating ...
      OK 836 tok in 66.2s (prompt 2470 tok, try 1)
      cooldown 45s
[11/43] S11 6.2 校正設定 (1 funcs, 1464 chars) — generating ...
      OK 312 tok in 24.2s (prompt 1219 tok, try 1)
      cooldown 45s
[12/43] S12 6.3 補正設定 (2 funcs, 3445 chars) — generating ...
      OK 579 tok in 46.5s (prompt 2257 tok, try 1)
      cooldown 45s
[13/43] S13 6.4 MLSSゼロ校正 (2 funcs, 5666 chars) — generating ...
      OK 1124 tok in 91.7s (prompt 3412 tok, try 1)
      cooldown 45s
[14/43] S14 6.5 MLSS中間校正 (2 funcs, 6208 chars) — generating ...
      OK 1184 tok in 97.8s (prompt 3766 tok, try 1)
      cooldown 45s
[15/43] S15 6.6 MLSSスパン校正 (3 funcs, 12302 chars) — generating ...
      OK 1380 tok in 128.4s (prompt 7313 tok, try 1)
      cooldown 45s
[16/43] S16 6.7 AD校正 (3 funcs, 5535 chars) — generating ...
      OK 999 tok in 82.8s (prompt 3538 tok, try 1)
      cooldown 45s
[17/43] S17 6.8 自動校正完了 (1 funcs, 1095 chars) — generating ...
      OK 812 tok in 59.4s (prompt 1041 tok, try 1)
      cooldown 45s
[18/43] S18 6.9 校正リセット (1 funcs, 1657 chars) — generating ...
      OK 696 tok in 51.9s (prompt 1333 tok, try 1)
      cooldown 45s
[19/43] S19 6.10 後校正 記録選択 (1 funcs, 1552 chars) — generating ...
      OK 711 tok in 52.8s (prompt 1274 tok, try 1)
      cooldown 45s
[20/43] S20 6.11 校正履歴表示 (1 funcs, 1449 chars) — generating ...
      OK 742 tok in 55.0s (prompt 1233 tok, try 1)
      cooldown 45s
[21/43] S21 5.10 測定履歴表示 (1 funcs, 1873 chars) — generating ...
      OK 800 tok in 60.1s (prompt 1465 tok, try 1)
      cooldown 45s
[22/43] S22 7.1 設定メニュー (1 funcs, 1730 chars) — generating ...
      OK 781 tok in 58.2s (prompt 1344 tok, try 1)
      cooldown 45s
[23/43] S23 7.2 自動校正設定 (1 funcs, 1934 chars) — generating ...
      OK 845 tok in 63.2s (prompt 1441 tok, try 1)
      cooldown 45s
[24/43] S24 7.3 淡水/海水設定 (1 funcs, 1604 chars) — generating ...
      OK 698 tok in 52.0s (prompt 1299 tok, try 1)
      cooldown 45s
[25/43] S25 7.4 アプリDL先表示 (1 funcs, 1126 chars) — generating ...
      OK 619 tok in 45.3s (prompt 1045 tok, try 1)
      cooldown 45s
[26/43] S26 7.5 時刻設定（入口） (1 funcs, 1867 chars) — generating ...
      OK 804 tok in 60.1s (prompt 1460 tok, try 1)
      cooldown 45s
[27/43] S27 7.6 年設定 (1 funcs, 1678 chars) — generating ...
      OK 779 tok in 58.0s (prompt 1322 tok, try 1)
      cooldown 45s
[28/43] S28 7.7 月日設定 (1 funcs, 2522 chars) — generating ...
      OK 971 tok in 73.6s (prompt 1761 tok, try 1)
      cooldown 45s
[29/43] S29 7.8 時分設定 (1 funcs, 2520 chars) — generating ...
      OK 847 tok in 64.5s (prompt 1761 tok, try 1)
      cooldown 45s
[30/43] S30 7.9 水温校正 (1 funcs, 1791 chars) — generating ...
      OK 967 tok in 71.7s (prompt 1385 tok, try 1)
      cooldown 45s
[31/43] S31 7.10 初期化 (1 funcs, 1380 chars) — generating ...
      OK 750 tok in 55.4s (prompt 1177 tok, try 1)
      cooldown 45s
[32/43] S32 7.11 BT初期化 (1 funcs, 1609 chars) — generating ...
      OK 670 tok in 49.9s (prompt 1292 tok, try 1)
      cooldown 45s
[33/43] S33 7.12 QRコード表示 (1 funcs, 1456 chars) — generating ...
      OK 606 tok in 45.0s (prompt 1229 tok, try 1)
      cooldown 45s
[34/43] S34 8.1 基板調整：プログラムVer表示 (1 funcs, 1190 chars) — generating ...
      OK 833 tok in 60.8s (prompt 1095 tok, try 1)
      cooldown 45s
[35/43] S35 8.2 基板調整：EEPROM確認 (3 funcs, 1997 chars) — generating ...
      OK 665 tok in 50.0s (prompt 1457 tok, try 1)
      cooldown 45s
[36/43] S36 8.3 基板調整：電池電圧確認 (1 funcs, 1027 chars) — generating ...
      OK 697 tok in 50.8s (prompt 1022 tok, try 1)
      cooldown 45s
[37/43] S37 9.1 ガイダンス表示 (5 funcs, 1213 chars) — generating ...
      OK 904 tok in 65.7s (prompt 1021 tok, try 1)
      cooldown 45s
[38/43] S38 10.1 エラー表示（共通） (1 funcs, 1007 chars) — generating ...
      OK 495 tok in 36.1s (prompt 992 tok, try 1)
      cooldown 45s
[39/43] S39 10.2 エラー画面 1〜9 (18 funcs, 3367 chars) — generating ...
      OK 2674 tok in 201.0s (prompt 1780 tok, try 1)
      cooldown 45s
[40/43] S40 10.3 エラー画面 17/19 (4 funcs, 1172 chars) — generating ...
      OK 636 tok in 46.7s (prompt 1000 tok, try 1)
      cooldown 45s
[41/43] S41 11.1 省電力測定中画面 (1 funcs, 811 chars) — generating ...
      OK 531 tok in 38.6s (prompt 897 tok, try 1)
      cooldown 45s
[42/43] S42 11.2 ロガー測定画面 (4 funcs, 8679 chars) — generating ...
      OK 1123 tok in 98.2s (prompt 5122 tok, try 1)
      cooldown 45s
[43/43] S43 11.3 ロガー履歴表示 (1 funcs, 4929 chars) — generating ...
      OK 920 tok in 75.4s (prompt 3194 tok, try 1)
gen_v2: done. ok=41 fail=0
--- assemble ---
assembled docs/specs/IM-110プログラム仕様書.md — body 43/43 sections, probe 8
=== v2 batch done 2026-07-19 00:29:49 ===
