=== v3 batch start 2026-07-19 09:44:41 (cooldown 0s, args='') ===
--- re-slice code + caller (routing) ---
sliced 83 functions from Display.c -> /Users/masegi/workspace/IM-110-system/tools/spec-gen/v2/code
longest: [{'name': 'disp_MLSS_Meas_3', 'start': 1692, 'end': 1899, 'lines': 208}, {'name': 'disp_MLSS_Meas_2', 'start': 1475, 'end': 1681, 'lines': 207}, {'name': 'disp_MLSS_SCal_1', 'start': 278, 'end': 467, 'lines': 190}, {'name': 'disp_MLSS_SCal_3', 'start': 638, 'end': 764, 'lines': 127}, {'name': 'disp_MLSS_MCal_3', 'start': 876, 'end': 1001, 'lines': 126}]
caller context: 602 case-blocks scanned, 79/83 disp_* funcs have caller context
no caller context (4): ['disp_Corr_setting', 'disp_ADCAL1', 'disp_ADCAL2', 'disp_ADCAL3']
--- gen_v3 (body + appendices) ---
=== v3 batch start 2026-07-19 09:56:06 (cooldown 0s, args='--changed-only') ===
--- re-slice code + caller (routing) ---
sliced 83 functions from Display.c -> /Users/masegi/workspace/IM-110-system/tools/spec-gen/v2/code
longest: [{'name': 'disp_MLSS_Meas_3', 'start': 1692, 'end': 1899, 'lines': 208}, {'name': 'disp_MLSS_Meas_2', 'start': 1475, 'end': 1681, 'lines': 207}, {'name': 'disp_MLSS_SCal_1', 'start': 278, 'end': 467, 'lines': 190}, {'name': 'disp_MLSS_SCal_3', 'start': 638, 'end': 764, 'lines': 127}, {'name': 'disp_MLSS_MCal_3', 'start': 876, 'end': 1001, 'lines': 126}]
caller context: 602 case-blocks scanned, 79/83 disp_* funcs have caller context
no caller context (4): ['disp_Corr_setting', 'disp_ADCAL1', 'disp_ADCAL2', 'disp_ADCAL3']
--- gen_v3 (body + appendices) ---
[incremental] 39 section(s) changed/new: ['S07', 'S08', 'S09', 'S10', 'S11', 'S12', 'S13', 'S14', 'S15', 'S16', 'S17', 'S18', 'S19', 'S20', 'S21', 'S22', 'S23', 'S24', 'S25', 'S26', 'S27', 'S28', 'S29', 'S30', 'S31', 'S32', 'S33', 'S34', 'S35', 'S36', 'S37', 'S38', 'S39', 'S40', 'S41', 'S42', 'S43', 'APX_A', 'APX_B']
gen_v3: host=192.168.0.77:11434 model=devstral:24b num_ctx=12288 todo=39/45 cooldown=0.0s
[1/39] S07 5.7 測定レンジ表示 (7506 chars) ...
      OK 1394 tok in 61.9s (prompt 4368 tok)
[2/39] S08 5.8 水温表示 (6757 chars) ...
      OK 530 tok in 23.4s (prompt 4039 tok)
[3/39] S09 5.9 界面閾値設定 (6689 chars) ...
      OK 563 tok in 23.9s (prompt 4056 tok)
[4/39] S10 6.1 校正メニュー (8320 chars) ...
      OK 684 tok in 30.4s (prompt 4840 tok)
[5/39] S11 6.2 校正設定 (5861 chars) ...
      OK 392 tok in 16.4s (prompt 3591 tok)
[6/39] S12 6.3 補正設定 (8229 chars) ...
      OK 676 tok in 30.1s (prompt 4824 tok)
[7/39] S13 6.4 MLSSゼロ校正 (11044 chars) ...
      OK 763 tok in 37.0s (prompt 6255 tok)
[8/39] S14 6.5 MLSS中間校正 (11556 chars) ...
      OK 711 tok in 36.7s (prompt 6578 tok)
[9/39] S15 6.6 MLSSスパン校正 (18317 chars) ...
      OK 1020 tok in 58.4s (prompt 10420 tok)
[10/39] S16 6.7 AD校正 (9667 chars) ...
      OK 614 tok in 30.7s (prompt 5810 tok)
[11/39] S17 6.8 自動校正完了 (5412 chars) ...
      OK 441 tok in 18.1s (prompt 3374 tok)
[12/39] S18 6.9 校正リセット (6229 chars) ...
      OK 461 tok in 19.5s (prompt 3773 tok)
[13/39] S19 6.10 後校正 記録選択 (6020 chars) ...
      OK 418 tok in 17.6s (prompt 3675 tok)
[14/39] S20 6.11 校正履歴表示 (6010 chars) ...
      OK 703 tok in 28.4s (prompt 3700 tok)
[15/39] S21 5.10 測定履歴表示 (6434 chars) ...
      OK 627 tok in 26.2s (prompt 3932 tok)
[16/39] S22 7.1 設定メニュー (6224 chars) ...
      OK 489 tok in 20.4s (prompt 3764 tok)
[17/39] S23 7.2 自動校正設定 (6773 chars) ...
      OK 612 tok in 25.7s (prompt 3996 tok)
[18/39] S24 7.3 淡水/海水設定 (6430 chars) ...
      OK 531 tok in 22.3s (prompt 3858 tok)
[19/39] S25 7.4 アプリDL先表示 (5375 chars) ...
      OK 178 tok in 7.9s (prompt 3355 tok)
[20/39] S26 7.5 時刻設定（入口） (6323 chars) ...
      OK 645 tok in 26.6s (prompt 3856 tok)
[21/39] S27 7.6 年設定 (6342 chars) ...
      OK 446 tok in 19.0s (prompt 3818 tok)
[22/39] S28 7.7 月日設定 (7184 chars) ...
      OK 599 tok in 25.8s (prompt 4255 tok)
[23/39] S29 7.8 時分設定 (7182 chars) ...
      OK 500 tok in 22.1s (prompt 4257 tok)
[24/39] S30 7.9 水温校正 (6513 chars) ...
      OK 603 tok in 25.2s (prompt 3910 tok)
[25/39] S31 7.10 初期化 (5925 chars) ...
      OK 472 tok in 19.4s (prompt 3603 tok)
[26/39] S32 7.11 BT初期化 (6433 chars) ...
      OK 924 tok in 37.2s (prompt 3828 tok)
[27/39] S33 7.12 QRコード表示 (5922 chars) ...
      OK 876 tok in 34.8s (prompt 3629 tok)
[28/39] S34 8.1 基板調整：プログラムVer表示 (5578 chars) ...
      OK 563 tok in 22.6s (prompt 3461 tok)
[29/39] S35 8.2 基板調整：EEPROM確認 (9738 chars) ...
      OK 998 tok in 43.9s (prompt 5405 tok)
[30/39] S36 8.3 基板調整：電池電圧確認 (5286 chars) ...
      OK 304 tok in 13.0s (prompt 3329 tok)
[31/39] S37 9.1 ガイダンス表示 (9341 chars) ...
      OK 738 tok in 33.1s (prompt 5072 tok)
[32/39] S38 10.1 エラー表示（共通） (5611 chars) ...
      OK 469 tok in 19.4s (prompt 3437 tok)
[33/39] S39 10.2 エラー画面 1〜9 (10902 chars) ...
      OK 914 tok in 40.9s (prompt 5500 tok)
[34/39] S40 10.3 エラー画面 17/19 (6008 chars) ...
      OK 457 tok in 19.9s (prompt 3570 tok)
[35/39] S41 11.1 省電力測定中画面 (5189 chars) ...
      OK 386 tok in 15.6s (prompt 3268 tok)
[36/39] S42 11.2 ロガー測定画面 (14106 chars) ...
      OK 907 tok in 47.0s (prompt 7936 tok)
[37/39] S43 11.3 ロガー履歴表示 (9373 chars) ...
      OK 500 tok in 25.9s (prompt 5560 tok)
[38/39] APX_A 付録A 計算式・補正式 (17916 chars) ...
      OK 1870 tok in 104.3s (prompt 12287 tok)
[39/39] APX_B 付録B EEPROM割付表 (8867 chars) ...
      OK 1210 tok in 56.0s (prompt 4418 tok)
gen_v3: done. ok=39 fail=0
--- regenerate probe(B) sections in Japanese (① fix) ---
gen: host=192.168.0.77:11434 stage=gen gen=devstral:24b review=mistralprism:24b sections=8 force=True
[gen 1/8] B00 プローブ概要・役割 — drafting ...
      draft 65 tok in 7.6s
[gen 2/8] B01 ハードウェア構成（電源・MCU） — drafting ...
      draft 347 tok in 13.3s
[gen 3/8] B02 計測フロントエンド（アナログ信号系） — drafting ...
      draft 284 tok in 11.0s
[gen 4/8] B03 測定チャネルとMD応答 — drafting ...
      draft 386 tok in 14.8s
[gen 5/8] B04 RS-232Cコマンド仕様 — drafting ...
      draft 636 tok in 24.1s
[gen 6/8] B05 ゼロ点・スパン補正（SADZ/SADS） — drafting ...
      draft 571 tok in 21.6s
[gen 7/8] B06 補正式・調整パラメータ — drafting ...
      draft 306 tok in 11.8s
[gen 8/8] B07 エラー処理・タイムアウト — drafting ...
      draft 90 tok in 3.8s
gen: done.
--- assemble ---
assembled docs/specs/IM-110プログラム仕様書.md — body 43/43, appendix 2/2, probe 8
=== v3 batch done 2026-07-19 10:17:41 ===
