[incremental] 45 section(s) changed/new: ['S01', 'S02', 'S03', 'S04', 'S05', 'S06', 'S07', 'S08', 'S09', 'S10', 'S11', 'S12', 'S13', 'S14', 'S15', 'S16', 'S17', 'S18', 'S19', 'S20', 'S21', 'S22', 'S23', 'S24', 'S25', 'S26', 'S27', 'S28', 'S29', 'S30', 'S31', 'S32', 'S33', 'S34', 'S35', 'S36', 'S37', 'S38', 'S39', 'S40', 'S41', 'S42', 'S43', 'APX_A', 'APX_B']
gen_v3: host=192.168.0.77:11434 model=devstral:24b num_ctx=12288 todo=45/45 cooldown=0.0s
[1/45] S01 5.1 起動画面 (7153 chars) ...
      OK 602 tok in 40.5s (prompt 4348 tok)
[2/45] S02 5.2 測定メニュー (6381 chars) ...
      OK 614 tok in 25.4s (prompt 3931 tok)
[3/45] S03 5.3 モード切替 (6792 chars) ...
      OK 671 tok in 28.0s (prompt 4124 tok)
[4/45] S04 5.4 測定モード設定 (6403 chars) ...
      OK 523 tok in 21.9s (prompt 3871 tok)
[5/45] S05 5.5 MLSS測定画面（待機・測定中） (20042 chars) ...
      OK 712 tok in 49.0s (prompt 11734 tok)
[6/45] S06 5.6 MLSS測定完了画面 (5506 chars) ...
      OK 216 tok in 15.8s (prompt 3506 tok)
[7/45] S07 5.7 測定レンジ表示 (7506 chars) ...
      OK 1209 tok in 49.4s (prompt 4451 tok)
[8/45] S08 5.8 水温表示 (6757 chars) ...
      OK 686 tok in 28.7s (prompt 4122 tok)
[9/45] S09 5.9 界面閾値設定 (6689 chars) ...
      OK 589 tok in 25.0s (prompt 4139 tok)
[10/45] S10 6.1 校正メニュー (8320 chars) ...
      OK 392 tok in 19.3s (prompt 4923 tok)
[11/45] S11 6.2 校正設定 (5861 chars) ...
      OK 431 tok in 17.9s (prompt 3674 tok)
[12/45] S12 6.3 補正設定 (8229 chars) ...
      OK 706 tok in 31.3s (prompt 4907 tok)
[13/45] S13 6.4 MLSSゼロ校正 (11044 chars) ...
      OK 393 tok in 22.7s (prompt 6338 tok)
[14/45] S14 6.5 MLSS中間校正 (11556 chars) ...
      OK 1062 tok in 51.0s (prompt 6661 tok)
[15/45] S15 6.6 MLSSスパン校正 (18317 chars) ...
      OK 666 tok in 45.0s (prompt 10503 tok)
[16/45] S16 6.7 AD校正 (9667 chars) ...
      OK 689 tok in 34.0s (prompt 5893 tok)
[17/45] S17 6.8 自動校正完了 (5412 chars) ...
      OK 352 tok in 15.1s (prompt 3457 tok)
[18/45] S18 6.9 校正リセット (6229 chars) ...
      OK 566 tok in 23.5s (prompt 3856 tok)
[19/45] S19 6.10 後校正 記録選択 (6020 chars) ...
      OK 611 tok in 25.0s (prompt 3758 tok)
[20/45] S20 6.11 校正履歴表示 (6010 chars) ...
      OK 650 tok in 26.5s (prompt 3783 tok)
[21/45] S21 5.10 測定履歴表示 (6434 chars) ...
      OK 582 tok in 24.5s (prompt 4015 tok)
[22/45] S22 7.1 設定メニュー (6224 chars) ...
      OK 549 tok in 22.8s (prompt 3847 tok)
[23/45] S23 7.2 自動校正設定 (6773 chars) ...
      OK 769 tok in 31.7s (prompt 4079 tok)
[24/45] S24 7.3 淡水/海水設定 (6430 chars) ...
      OK 527 tok in 22.3s (prompt 3941 tok)
[25/45] S25 7.4 アプリDL先表示 (5375 chars) ...
      OK 296 tok in 12.4s (prompt 3438 tok)
[26/45] S26 7.5 時刻設定（入口） (6323 chars) ...
      OK 745 tok in 30.6s (prompt 3939 tok)
[27/45] S27 7.6 年設定 (6342 chars) ...
      OK 14672 tok in 587.9s (prompt 3901 tok)
[28/45] S28 7.7 月日設定 (7184 chars) ...
      OK 630 tok in 27.9s (prompt 4338 tok)
[29/45] S29 7.8 時分設定 (7182 chars) ...
      OK 665 tok in 28.6s (prompt 4340 tok)
[30/45] S30 7.9 水温校正 (6513 chars) ...
      OK 565 tok in 24.0s (prompt 3993 tok)
[31/45] S31 7.10 初期化 (5925 chars) ...
      OK 559 tok in 22.8s (prompt 3686 tok)
[32/45] S32 7.11 BT初期化 (6433 chars) ...
      OK 371 tok in 16.3s (prompt 3911 tok)
[33/45] S33 7.12 QRコード表示 (5922 chars) ...
      OK 514 tok in 21.2s (prompt 3712 tok)
[34/45] S34 8.1 基板調整：プログラムVer表示 (5578 chars) ...
      OK 366 tok in 15.2s (prompt 3544 tok)
[35/45] S35 8.2 基板調整：EEPROM確認 (9738 chars) ...
      OK 825 tok in 37.4s (prompt 5488 tok)
[36/45] S36 8.3 基板調整：電池電圧確認 (5286 chars) ...
      OK 197 tok in 9.2s (prompt 3412 tok)
[37/45] S37 9.1 ガイダンス表示 (9341 chars) ...
      OK 600 tok in 28.0s (prompt 5155 tok)
[38/45] S38 10.1 エラー表示（共通） (5611 chars) ...
      OK 651 tok in 25.9s (prompt 3520 tok)
[39/45] S39 10.2 エラー画面 1〜9 (10902 chars) ...
      OK 2674 tok in 109.6s (prompt 5583 tok)
[40/45] S40 10.3 エラー画面 17/19 (6008 chars) ...
      OK 445 tok in 18.9s (prompt 3653 tok)
[41/45] S41 11.1 省電力測定中画面 (5189 chars) ...
      OK 260 tok in 10.9s (prompt 3351 tok)
[42/45] S42 11.2 ロガー測定画面 (14106 chars) ...
      OK 894 tok in 46.6s (prompt 8019 tok)
[43/45] S43 11.3 ロガー履歴表示 (9373 chars) ...
      OK 488 tok in 25.3s (prompt 5643 tok)
[44/45] APX_A 付録A 計算式・補正式 (17916 chars) ...
      OK 1223 tok in 78.0s (prompt 12287 tok)
[45/45] APX_B 付録B EEPROM割付表 (8867 chars) ...
      OK 1148 tok in 53.9s (prompt 4579 tok)
gen_v3: done. ok=45 fail=0
